#
# A fatal error has been detected by the Java Runtime Environment:
#
#  EXCEPTION_ACCESS_VIOLATION (0xc0000005) at pc=0x00007ffca14cb1b8, pid=5324, tid=17868
#
# JRE version: Java(TM) SE Runtime Environment (17.0.10+11) (build 17.0.10+11-LTS-240)
# Java VM: Java HotSpot(TM) 64-Bit Server VM (17.0.10+11-LTS-240, mixed mode, sharing, tiered, compressed oops, compressed class ptrs, g1 gc, windows-amd64)
# Problematic frame:
# C  [ntdll.dll+0x5b1b8]
#
# No core dump will be written. Minidumps are not enabled by default on client versions of Windows
#
# If you would like to submit a bug report, please visit:
#   https://bugreport.java.com/bugreport/crash.jsp
#

---------------  S U M M A R Y ------------

Command Line: -XX:MaxMetaspaceSize=512m --add-opens=java.base/java.util=ALL-UNNAMED --add-opens=java.base/java.lang=ALL-UNNAMED --add-opens=java.base/java.lang.invoke=ALL-UNNAMED --add-opens=java.prefs/java.util.prefs=ALL-UNNAMED --add-opens=java.base/java.nio.charset=ALL-UNNAMED --add-opens=java.base/java.net=ALL-UNNAMED --add-opens=java.base/java.util.concurrent.atomic=ALL-UNNAMED -Xmx2048m -Dfile.encoding=windows-1252 -Duser.country=CO -Duser.language=es -Duser.variant -javaagent:C:\Users\brand\.gradle\wrapper\dists\gradle-8.3-all\6en3ugtfdg5xnpx44z4qbwgas\gradle-8.3\lib\agents\gradle-instrumentation-agent-8.3.jar org.gradle.launcher.daemon.bootstrap.GradleDaemon 8.3

Host: AMD Ryzen 5 7520U with Radeon Graphics         , 8 cores, 13G,  Windows 11 , 64 bit Build 22621 (10.0.22621.3374)
Time: Thu Apr 18 18:17:12 2024 Hora est. Pacífico, Sudamérica elapsed time: 98.837050 seconds (0d 0h 1m 38s)

---------------  T H R E A D  ---------------

Current thread (0x000001f269a05c80):  JavaThread "ForkJoinPool-1-worker-2" daemon [_thread_in_vm, id=17868, stack(0x000000c619900000,0x000000c619a00000)]

Stack: [0x000000c619900000,0x000000c619a00000],  sp=0x000000c6199f9240,  free space=996k
Native frames: (J=compiled Java code, j=interpreted, Vv=VM code, C=native code)
C  [ntdll.dll+0x5b1b8]
V  [jvm.dll+0x223324]
V  [jvm.dll+0x224978]
V  [jvm.dll+0x224548]
V  [jvm.dll+0x22462d]
V  [jvm.dll+0x213781]
V  [jvm.dll+0x213bd5]
V